<?xml version="1.0" encoding="UTF-8"?>
<!-- Generated by org.testng.reporters.JUnitXMLReporter -->
<testsuite hostname="Hi" ignored="6" name="Test" tests="4" failures="4" timestamp="04 Dec 2020 12:49:24 GMT" time="0.438" errors="0">
  <testcase name="tc1" time="0.046" classname="org.test.sample2">
    <failure type="java.lang.NullPointerException">
      <![CDATA[java.lang.NullPointerException
at org.test.sample2.tc1(sample2.java:47)
... Removed 25 stack frames]]>
    </failure>
  </testcase> <!-- tc1 -->
  <testcase name="tc2" time="0.003" classname="org.test.sample2">
    <failure type="java.lang.NullPointerException">
      <![CDATA[java.lang.NullPointerException
at org.test.sample2.tc2(sample2.java:63)
... Removed 25 stack frames]]>
    </failure>
  </testcase> <!-- tc2 -->
  <testcase name="tc3" time="0.003" classname="org.test.sample2">
    <failure type="java.lang.NullPointerException">
      <![CDATA[java.lang.NullPointerException
at org.test.sample2.tc3(sample2.java:78)
... Removed 25 stack frames]]>
    </failure>
  </testcase> <!-- tc3 -->
  <testcase name="tc4" time="0.003" classname="org.test.sample2">
    <failure type="java.lang.NullPointerException">
      <![CDATA[java.lang.NullPointerException
at org.test.sample2.tc4(sample2.java:90)
... Removed 25 stack frames]]>
    </failure>
  </testcase> <!-- tc4 -->
  <testcase name="tc3" time="0.0" classname="org.test.sample1">
    <ignored/>
  </testcase> <!-- tc3 -->
  <testcase name="tc4" time="0.0" classname="org.test.sample1">
    <ignored/>
  </testcase> <!-- tc4 -->
  <testcase name="tc5" time="0.0" classname="org.test.sample2">
    <ignored/>
  </testcase> <!-- tc5 -->
  <testcase name="tc2" time="0.0" classname="org.test.sample1">
    <ignored/>
  </testcase> <!-- tc2 -->
  <testcase name="tc5" time="0.0" classname="org.test.sample1">
    <ignored/>
  </testcase> <!-- tc5 -->
  <testcase name="tc1" time="0.0" classname="org.test.sample1">
    <ignored/>
  </testcase> <!-- tc1 -->
</testsuite> <!-- Test -->
